[2025-10-10 07:26:34Z] [info] legacy --ci → daily charts
[2025-10-10 07:26:34Z] [info] selected tickers: ['AMZN', 'META', 'NVDA', 'AAPL', 'INTC', 'BABA']
[2025-10-10 07:26:44Z] [info] caption file written: output/caption_20251010.txt

==============================
✅ Daily charts generated:
 - output/charts/AMZN_chart.png
 - output/charts/META_chart.png
 - output/charts/NVDA_chart.png
 - output/charts/AAPL_chart.png
 - output/charts/INTC_chart.png
 - output/charts/BABA_chart.png
Caption file: output/caption_20251010.txt
==============================

[2025-10-10 07:26:44Z] [info] legacy --ci-posters → posters
[2025-10-10 07:26:44Z] [info] legacy --ci-posters → posters
[2025-10-10 07:26:51Z] [info] poster saved: output/posters/AAPL_poster_20251010.png
[2025-10-10 07:26:51Z] [info] poster saved: output/posters/AAPL_poster_20251010.png
[2025-10-10 07:26:53Z] [info] poster saved: output/posters/AAPL_poster_20251010.png
[2025-10-10 07:26:53Z] [info] poster saved: output/posters/AAPL_poster_20251010.png

==============================
Posters generated: 2
==============================

